0 info it worked if it ends with ok
1 verbose cli [ '/home/blackmiaool/.nvm/versions/node/v7.1.0/bin/node',
1 verbose cli   '/home/blackmiaool/.nvm/versions/node/v7.1.0/bin/npm',
1 verbose cli   'unpublish',
1 verbose cli   '--force' ]
2 info using npm@4.1.1
3 info using node@v7.1.0
4 warn using --force I sure hope you know what you are doing.
5 silly unpublish args[0] undefined
6 silly unpublish thing {}
7 verbose unpublish { name: '430155697',
7 verbose unpublish   version: '1.0.0',
7 verbose unpublish   description: '',
7 verbose unpublish   main: 'index.js',
7 verbose unpublish   scripts: { test: 'echo "Error: no test specified" && exit 1' },
7 verbose unpublish   author: '',
7 verbose unpublish   license: 'ISC',
7 verbose unpublish   dependencies:
7 verbose unpublish    { 'browser-sync': '^2.18.8',
7 verbose unpublish      gulp: '^3.9.1',
7 verbose unpublish      'gulp-concat': '^2.6.1',
7 verbose unpublish      'gulp-jshint': '^2.0.4',
7 verbose unpublish      'gulp-sass': '^3.1.0',
7 verbose unpublish      'gulp-uglify': '^2.1.2',
7 verbose unpublish      jshint: '^2.9.4' },
7 verbose unpublish   readme: 'ERROR: No README data found!',
7 verbose unpublish   _id: '430155697@1.0.0' }
8 verbose getPublishConfig undefined
9 silly ls normalized 430155697/1.0.0
10 silly gentlyRm /home/blackmiaool/.npm/430155697/1.0.0 is being purged
11 verbose gentlyRm don't care about contents; nuking /home/blackmiaool/.npm/430155697/1.0.0
12 silly vacuum-fs purging /home/blackmiaool/.npm/430155697/1.0.0
13 silly vacuum-fs removing /home/blackmiaool/.npm/430155697
14 silly vacuum-fs quitting because other entries in /home/blackmiaool/.npm
15 silly mapToRegistry name 430155697
16 silly mapToRegistry using default registry
17 silly mapToRegistry registry https://registry.npmjs.org/
18 silly mapToRegistry data Result {
18 silly mapToRegistry   raw: '430155697',
18 silly mapToRegistry   scope: null,
18 silly mapToRegistry   escapedName: '430155697',
18 silly mapToRegistry   name: '430155697',
18 silly mapToRegistry   rawSpec: '',
18 silly mapToRegistry   spec: 'latest',
18 silly mapToRegistry   type: 'tag' }
19 silly mapToRegistry uri https://registry.npmjs.org/430155697
20 verbose get GET as part of write; not caching result
21 verbose request uri https://registry.npmjs.org/430155697?write=true
22 verbose request no auth needed
23 info attempt registry request try #1 at 9:41:04 AM
24 verbose request using bearer token for auth
25 verbose request id a2b9f86f17585aa6
26 http request GET https://registry.npmjs.org/430155697?write=true
27 http 200 https://registry.npmjs.org/430155697?write=true
28 verbose headers { server: 'CouchDB/1.6.1 (Erlang OTP/R16B03)',
28 verbose headers   'content-type': 'application/json',
28 verbose headers   etag: '"58ea1437-4f5"',
28 verbose headers   'content-encoding': 'gzip',
28 verbose headers   'cache-control': 'max-age=0',
28 verbose headers   'transfer-encoding': 'chunked',
28 verbose headers   'accept-ranges': 'bytes',
28 verbose headers   date: 'Tue, 11 Apr 2017 01:41:45 GMT',
28 verbose headers   via: '1.1 varnish',
28 verbose headers   connection: 'keep-alive',
28 verbose headers   'x-served-by': 'cache-itm7424-ITM',
28 verbose headers   'x-cache': 'MISS',
28 verbose headers   'x-cache-hits': '0',
28 verbose headers   'x-timer': 'S1491874905.852542,VS0,VE529',
28 verbose headers   vary: 'Accept-Encoding' }
29 silly get cb [ 200,
29 silly get   { server: 'CouchDB/1.6.1 (Erlang OTP/R16B03)',
29 silly get     'content-type': 'application/json',
29 silly get     etag: '"58ea1437-4f5"',
29 silly get     'content-encoding': 'gzip',
29 silly get     'cache-control': 'max-age=0',
29 silly get     'transfer-encoding': 'chunked',
29 silly get     'accept-ranges': 'bytes',
29 silly get     date: 'Tue, 11 Apr 2017 01:41:45 GMT',
29 silly get     via: '1.1 varnish',
29 silly get     connection: 'keep-alive',
29 silly get     'x-served-by': 'cache-itm7424-ITM',
29 silly get     'x-cache': 'MISS',
29 silly get     'x-cache-hits': '0',
29 silly get     'x-timer': 'S1491874905.852542,VS0,VE529',
29 silly get     vary: 'Accept-Encoding' } ]
30 verbose get saving 430155697 to /home/blackmiaool/.npm/registry.npmjs.org/430155697_3Fwrite_3Dtrue/.cache.json
31 verbose correctMkdir /home/blackmiaool/.npm correctMkdir not in flight; initializing
32 verbose unpublish removing attachments { shasum: 'caf774f8834ce39c62b28a1a203ae6995d2456e3',
32 verbose unpublish   tarball: 'https://registry.npmjs.org/430155697/-/430155697-1.0.0.tgz' }
33 info unpublish No versions remain, removing entire package
34 verbose request uri https://registry.npmjs.org/430155697/-rev/1-38639b073332b91606bd448874b2bb46
35 verbose request sending authorization for write operation
36 info attempt registry request try #1 at 9:41:05 AM
37 verbose request using bearer token for auth
38 http request DELETE https://registry.npmjs.org/430155697/-rev/1-38639b073332b91606bd448874b2bb46
39 http 400 https://registry.npmjs.org/430155697/-rev/1-38639b073332b91606bd448874b2bb46
40 verbose headers { 'content-type': 'application/json',
40 verbose headers   'cache-control': 'max-age=300',
40 verbose headers   'content-length': '17',
40 verbose headers   'accept-ranges': 'bytes',
40 verbose headers   date: 'Tue, 11 Apr 2017 01:41:46 GMT',
40 verbose headers   via: '1.1 varnish',
40 verbose headers   connection: 'keep-alive',
40 verbose headers   'x-served-by': 'cache-itm7424-ITM',
40 verbose headers   'x-cache': 'MISS',
40 verbose headers   'x-cache-hits': '0',
40 verbose headers   'x-timer': 'S1491874906.503487,VS0,VE683',
40 verbose headers   vary: 'Accept-Encoding' }
41 verbose request invalidating /home/blackmiaool/.npm/registry.npmjs.org/430155697 on DELETE
42 verbose stack Error: Registry returned 400 for DELETE on https://registry.npmjs.org/430155697/-rev/1-38639b073332b91606bd448874b2bb46
42 verbose stack     at makeError (/home/blackmiaool/.nvm/versions/node/v7.1.0/lib/node_modules/npm/node_modules/npm-registry-client/lib/request.js:304:12)
42 verbose stack     at CachingRegistryClient.<anonymous> (/home/blackmiaool/.nvm/versions/node/v7.1.0/lib/node_modules/npm/node_modules/npm-registry-client/lib/request.js:282:14)
42 verbose stack     at Request._callback (/home/blackmiaool/.nvm/versions/node/v7.1.0/lib/node_modules/npm/node_modules/npm-registry-client/lib/request.js:212:14)
42 verbose stack     at Request.self.callback (/home/blackmiaool/.nvm/versions/node/v7.1.0/lib/node_modules/npm/node_modules/request/request.js:186:22)
42 verbose stack     at emitTwo (events.js:106:13)
42 verbose stack     at Request.emit (events.js:191:7)
42 verbose stack     at Request.<anonymous> (/home/blackmiaool/.nvm/versions/node/v7.1.0/lib/node_modules/npm/node_modules/request/request.js:1081:10)
42 verbose stack     at emitOne (events.js:96:13)
42 verbose stack     at Request.emit (events.js:188:7)
42 verbose stack     at IncomingMessage.<anonymous> (/home/blackmiaool/.nvm/versions/node/v7.1.0/lib/node_modules/npm/node_modules/request/request.js:1001:12)
43 verbose statusCode 400
44 verbose pkgid 430155697
45 verbose cwd /home/blackmiaool/github/soa/43015697
46 error Linux 3.13.0-106-generic
47 error argv "/home/blackmiaool/.nvm/versions/node/v7.1.0/bin/node" "/home/blackmiaool/.nvm/versions/node/v7.1.0/bin/npm" "unpublish" "--force"
48 error node v7.1.0
49 error npm  v4.1.1
50 error code E400
51 error Registry returned 400 for DELETE on https://registry.npmjs.org/430155697/-rev/1-38639b073332b91606bd448874b2bb46
52 error If you need help, you may report this error at:
52 error     <https://github.com/npm/npm/issues>
53 verbose exit [ 1, true ]
